<?xml version="1.0" encoding="UTF-8"?>
<!-- Generated by org.testng.reporters.JUnitReportReporter -->
<testsuite hostname="bhajandevi" failures="0" tests="1" name="com.cleartrip.flightTestRunner.NewTest" time="16.372" errors="0" timestamp="06 Aug 2020 02:23:00 GMT" skipped="0">
  <testcase classname="com.cleartrip.flightTestRunner.NewTest" name="f" time="16.372"/>
</testsuite> <!-- com.cleartrip.flightTestRunner.NewTest -->
