<?xml version="1.0" encoding="UTF-8"?>
<!-- Generated by org.testng.reporters.JUnitReportReporter -->
<testsuite skipped="0" hostname="LAPTOP-BEFQLNIQ" name="com.cleartrip.flightTestRunner.FlightSearchTest" tests="1" failures="0" timestamp="15 Jul 2021 08:00:50 GMT" time="9.754" errors="0">
  <testcase name="flightSearchForm" time="9.754" classname="com.cleartrip.flightTestRunner.FlightSearchTest"/>
</testsuite> <!-- com.cleartrip.flightTestRunner.FlightSearchTest -->
