<?xml version="1.0" encoding="UTF-8"?>
<!-- Generated by org.testng.reporters.JUnitReportReporter -->
<testsuite hostname="LAPTOP-BEFQLNIQ" failures="0" tests="1" name="com.cleartrip.flightTestRunner.FlightSearchTest" time="9.444" errors="0" timestamp="15 Jul 2021 08:12:10 GMT" skipped="0">
  <testcase classname="com.cleartrip.flightTestRunner.FlightSearchTest" name="flightSearchForm" time="9.444"/>
</testsuite> <!-- com.cleartrip.flightTestRunner.FlightSearchTest -->
